<?xml version="1.0" encoding="UTF-8"?>
<testsuite xmlns:xsi="http://www.w3.org/2001/XMLSchema-instance" xsi:noNamespaceSchemaLocation="https://maven.apache.org/surefire/maven-surefire-plugin/xsd/surefire-test-report.xsd" name="com.liu.JavafxBootApplicationTests" time="3.078" tests="1" errors="0" skipped="0" failures="0">
  <properties>
    <property name="sun.desktop" value="windows"/>
    <property name="awt.toolkit" value="sun.awt.windows.WToolkit"/>
    <property name="file.encoding.pkg" value="sun.io"/>
    <property name="java.specification.version" value="1.8"/>
    <property name="sun.cpu.isalist" value="amd64"/>
    <property name="sun.jnu.encoding" value="GBK"/>
    <property name="java.class.path" value="C:\examination\target\test-classes;C:\examination\target\classes;D:\work\apache-maven-3.8.1\maven-repo\org\springframework\boot\spring-boot-starter\2.1.4.RELEASE\spring-boot-starter-2.1.4.RELEASE.jar;D:\work\apache-maven-3.8.1\maven-repo\org\springframework\boot\spring-boot\2.1.4.RELEASE\spring-boot-2.1.4.RELEASE.jar;D:\work\apache-maven-3.8.1\maven-repo\org\springframework\spring-context\5.1.6.RELEASE\spring-context-5.1.6.RELEASE.jar;D:\work\apache-maven-3.8.1\maven-repo\org\springframework\spring-aop\5.1.6.RELEASE\spring-aop-5.1.6.RELEASE.jar;D:\work\apache-maven-3.8.1\maven-repo\org\springframework\spring-expression\5.1.6.RELEASE\spring-expression-5.1.6.RELEASE.jar;D:\work\apache-maven-3.8.1\maven-repo\org\springframework\boot\spring-boot-autoconfigure\2.1.4.RELEASE\spring-boot-autoconfigure-2.1.4.RELEASE.jar;D:\work\apache-maven-3.8.1\maven-repo\org\springframework\boot\spring-boot-starter-logging\2.1.4.RELEASE\spring-boot-starter-logging-2.1.4.RELEASE.jar;D:\work\apache-maven-3.8.1\maven-repo\ch\qos\logback\logback-classic\1.2.3\logback-classic-1.2.3.jar;D:\work\apache-maven-3.8.1\maven-repo\ch\qos\logback\logback-core\1.2.3\logback-core-1.2.3.jar;D:\work\apache-maven-3.8.1\maven-repo\org\apache\logging\log4j\log4j-to-slf4j\2.11.2\log4j-to-slf4j-2.11.2.jar;D:\work\apache-maven-3.8.1\maven-repo\org\apache\logging\log4j\log4j-api\2.11.2\log4j-api-2.11.2.jar;D:\work\apache-maven-3.8.1\maven-repo\org\slf4j\jul-to-slf4j\1.7.26\jul-to-slf4j-1.7.26.jar;D:\work\apache-maven-3.8.1\maven-repo\javax\annotation\javax.annotation-api\1.3.2\javax.annotation-api-1.3.2.jar;D:\work\apache-maven-3.8.1\maven-repo\org\springframework\spring-core\5.1.6.RELEASE\spring-core-5.1.6.RELEASE.jar;D:\work\apache-maven-3.8.1\maven-repo\org\springframework\spring-jcl\5.1.6.RELEASE\spring-jcl-5.1.6.RELEASE.jar;D:\work\apache-maven-3.8.1\maven-repo\org\yaml\snakeyaml\1.23\snakeyaml-1.23.jar;D:\work\apache-maven-3.8.1\maven-repo\org\springframework\boot\spring-boot-starter-test\2.1.4.RELEASE\spring-boot-starter-test-2.1.4.RELEASE.jar;D:\work\apache-maven-3.8.1\maven-repo\org\springframework\boot\spring-boot-test\2.1.4.RELEASE\spring-boot-test-2.1.4.RELEASE.jar;D:\work\apache-maven-3.8.1\maven-repo\org\springframework\boot\spring-boot-test-autoconfigure\2.1.4.RELEASE\spring-boot-test-autoconfigure-2.1.4.RELEASE.jar;D:\work\apache-maven-3.8.1\maven-repo\com\jayway\jsonpath\json-path\2.4.0\json-path-2.4.0.jar;D:\work\apache-maven-3.8.1\maven-repo\net\minidev\json-smart\2.3\json-smart-2.3.jar;D:\work\apache-maven-3.8.1\maven-repo\net\minidev\accessors-smart\1.2\accessors-smart-1.2.jar;D:\work\apache-maven-3.8.1\maven-repo\org\ow2\asm\asm\5.0.4\asm-5.0.4.jar;D:\work\apache-maven-3.8.1\maven-repo\org\slf4j\slf4j-api\1.7.26\slf4j-api-1.7.26.jar;D:\work\apache-maven-3.8.1\maven-repo\junit\junit\4.12\junit-4.12.jar;D:\work\apache-maven-3.8.1\maven-repo\org\assertj\assertj-core\3.11.1\assertj-core-3.11.1.jar;D:\work\apache-maven-3.8.1\maven-repo\org\mockito\mockito-core\2.23.4\mockito-core-2.23.4.jar;D:\work\apache-maven-3.8.1\maven-repo\net\bytebuddy\byte-buddy\1.9.12\byte-buddy-1.9.12.jar;D:\work\apache-maven-3.8.1\maven-repo\net\bytebuddy\byte-buddy-agent\1.9.12\byte-buddy-agent-1.9.12.jar;D:\work\apache-maven-3.8.1\maven-repo\org\objenesis\objenesis\2.6\objenesis-2.6.jar;D:\work\apache-maven-3.8.1\maven-repo\org\hamcrest\hamcrest-core\1.3\hamcrest-core-1.3.jar;D:\work\apache-maven-3.8.1\maven-repo\org\hamcrest\hamcrest-library\1.3\hamcrest-library-1.3.jar;D:\work\apache-maven-3.8.1\maven-repo\org\skyscreamer\jsonassert\1.5.0\jsonassert-1.5.0.jar;D:\work\apache-maven-3.8.1\maven-repo\com\vaadin\external\google\android-json\0.0.20131108.vaadin1\android-json-0.0.20131108.vaadin1.jar;D:\work\apache-maven-3.8.1\maven-repo\org\springframework\spring-test\5.1.6.RELEASE\spring-test-5.1.6.RELEASE.jar;D:\work\apache-maven-3.8.1\maven-repo\org\xmlunit\xmlunit-core\2.6.2\xmlunit-core-2.6.2.jar;D:\work\apache-maven-3.8.1\maven-repo\org\mybatis\spring\boot\mybatis-spring-boot-starter\2.2.0\mybatis-spring-boot-starter-2.2.0.jar;D:\work\apache-maven-3.8.1\maven-repo\org\mybatis\spring\boot\mybatis-spring-boot-autoconfigure\2.2.0\mybatis-spring-boot-autoconfigure-2.2.0.jar;D:\work\apache-maven-3.8.1\maven-repo\org\mybatis\mybatis\3.5.7\mybatis-3.5.7.jar;D:\work\apache-maven-3.8.1\maven-repo\org\mybatis\mybatis-spring\2.0.6\mybatis-spring-2.0.6.jar;D:\work\apache-maven-3.8.1\maven-repo\mysql\mysql-connector-java\8.0.15\mysql-connector-java-8.0.15.jar;D:\work\apache-maven-3.8.1\maven-repo\org\springframework\boot\spring-boot-starter-jdbc\2.1.4.RELEASE\spring-boot-starter-jdbc-2.1.4.RELEASE.jar;D:\work\apache-maven-3.8.1\maven-repo\com\zaxxer\HikariCP\3.2.0\HikariCP-3.2.0.jar;D:\work\apache-maven-3.8.1\maven-repo\org\springframework\spring-jdbc\5.1.6.RELEASE\spring-jdbc-5.1.6.RELEASE.jar;D:\work\apache-maven-3.8.1\maven-repo\org\springframework\spring-beans\5.1.6.RELEASE\spring-beans-5.1.6.RELEASE.jar;D:\work\apache-maven-3.8.1\maven-repo\org\springframework\spring-tx\5.1.6.RELEASE\spring-tx-5.1.6.RELEASE.jar;D:\work\apache-maven-3.8.1\maven-repo\de\roskenet\springboot-javafx-support\2.1.6\springboot-javafx-support-2.1.6.jar;D:\work\apache-maven-3.8.1\maven-repo\org\projectlombok\lombok\1.18.6\lombok-1.18.6.jar;"/>
    <property name="java.vm.vendor" value="Oracle Corporation"/>
    <property name="sun.arch.data.model" value="64"/>
    <property name="user.variant" value=""/>
    <property name="java.vendor.url" value="http://java.oracle.com/"/>
    <property name="user.timezone" value="Asia/Shanghai"/>
    <property name="java.vm.specification.version" value="1.8"/>
    <property name="os.name" value="Windows 10"/>
    <property name="user.country" value="CN"/>
    <property name="sun.java.launcher" value="SUN_STANDARD"/>
    <property name="sun.boot.library.path" value="C:\Program Files\Java\jdk1.8.0_291\jre\bin"/>
    <property name="sun.java.command" value="C:\Users\16091\AppData\Local\Temp\surefire5175588254156454545\surefirebooter1479756366845799369.jar C:\Users\16091\AppData\Local\Temp\surefire5175588254156454545 2021-06-16T16-42-26_727-jvmRun1 surefire8301960106886108316tmp surefire_04306898345442991260tmp"/>
    <property name="surefire.test.class.path" value="C:\examination\target\test-classes;C:\examination\target\classes;D:\work\apache-maven-3.8.1\maven-repo\org\springframework\boot\spring-boot-starter\2.1.4.RELEASE\spring-boot-starter-2.1.4.RELEASE.jar;D:\work\apache-maven-3.8.1\maven-repo\org\springframework\boot\spring-boot\2.1.4.RELEASE\spring-boot-2.1.4.RELEASE.jar;D:\work\apache-maven-3.8.1\maven-repo\org\springframework\spring-context\5.1.6.RELEASE\spring-context-5.1.6.RELEASE.jar;D:\work\apache-maven-3.8.1\maven-repo\org\springframework\spring-aop\5.1.6.RELEASE\spring-aop-5.1.6.RELEASE.jar;D:\work\apache-maven-3.8.1\maven-repo\org\springframework\spring-expression\5.1.6.RELEASE\spring-expression-5.1.6.RELEASE.jar;D:\work\apache-maven-3.8.1\maven-repo\org\springframework\boot\spring-boot-autoconfigure\2.1.4.RELEASE\spring-boot-autoconfigure-2.1.4.RELEASE.jar;D:\work\apache-maven-3.8.1\maven-repo\org\springframework\boot\spring-boot-starter-logging\2.1.4.RELEASE\spring-boot-starter-logging-2.1.4.RELEASE.jar;D:\work\apache-maven-3.8.1\maven-repo\ch\qos\logback\logback-classic\1.2.3\logback-classic-1.2.3.jar;D:\work\apache-maven-3.8.1\maven-repo\ch\qos\logback\logback-core\1.2.3\logback-core-1.2.3.jar;D:\work\apache-maven-3.8.1\maven-repo\org\apache\logging\log4j\log4j-to-slf4j\2.11.2\log4j-to-slf4j-2.11.2.jar;D:\work\apache-maven-3.8.1\maven-repo\org\apache\logging\log4j\log4j-api\2.11.2\log4j-api-2.11.2.jar;D:\work\apache-maven-3.8.1\maven-repo\org\slf4j\jul-to-slf4j\1.7.26\jul-to-slf4j-1.7.26.jar;D:\work\apache-maven-3.8.1\maven-repo\javax\annotation\javax.annotation-api\1.3.2\javax.annotation-api-1.3.2.jar;D:\work\apache-maven-3.8.1\maven-repo\org\springframework\spring-core\5.1.6.RELEASE\spring-core-5.1.6.RELEASE.jar;D:\work\apache-maven-3.8.1\maven-repo\org\springframework\spring-jcl\5.1.6.RELEASE\spring-jcl-5.1.6.RELEASE.jar;D:\work\apache-maven-3.8.1\maven-repo\org\yaml\snakeyaml\1.23\snakeyaml-1.23.jar;D:\work\apache-maven-3.8.1\maven-repo\org\springframework\boot\spring-boot-starter-test\2.1.4.RELEASE\spring-boot-starter-test-2.1.4.RELEASE.jar;D:\work\apache-maven-3.8.1\maven-repo\org\springframework\boot\spring-boot-test\2.1.4.RELEASE\spring-boot-test-2.1.4.RELEASE.jar;D:\work\apache-maven-3.8.1\maven-repo\org\springframework\boot\spring-boot-test-autoconfigure\2.1.4.RELEASE\spring-boot-test-autoconfigure-2.1.4.RELEASE.jar;D:\work\apache-maven-3.8.1\maven-repo\com\jayway\jsonpath\json-path\2.4.0\json-path-2.4.0.jar;D:\work\apache-maven-3.8.1\maven-repo\net\minidev\json-smart\2.3\json-smart-2.3.jar;D:\work\apache-maven-3.8.1\maven-repo\net\minidev\accessors-smart\1.2\accessors-smart-1.2.jar;D:\work\apache-maven-3.8.1\maven-repo\org\ow2\asm\asm\5.0.4\asm-5.0.4.jar;D:\work\apache-maven-3.8.1\maven-repo\org\slf4j\slf4j-api\1.7.26\slf4j-api-1.7.26.jar;D:\work\apache-maven-3.8.1\maven-repo\junit\junit\4.12\junit-4.12.jar;D:\work\apache-maven-3.8.1\maven-repo\org\assertj\assertj-core\3.11.1\assertj-core-3.11.1.jar;D:\work\apache-maven-3.8.1\maven-repo\org\mockito\mockito-core\2.23.4\mockito-core-2.23.4.jar;D:\work\apache-maven-3.8.1\maven-repo\net\bytebuddy\byte-buddy\1.9.12\byte-buddy-1.9.12.jar;D:\work\apache-maven-3.8.1\maven-repo\net\bytebuddy\byte-buddy-agent\1.9.12\byte-buddy-agent-1.9.12.jar;D:\work\apache-maven-3.8.1\maven-repo\org\objenesis\objenesis\2.6\objenesis-2.6.jar;D:\work\apache-maven-3.8.1\maven-repo\org\hamcrest\hamcrest-core\1.3\hamcrest-core-1.3.jar;D:\work\apache-maven-3.8.1\maven-repo\org\hamcrest\hamcrest-library\1.3\hamcrest-library-1.3.jar;D:\work\apache-maven-3.8.1\maven-repo\org\skyscreamer\jsonassert\1.5.0\jsonassert-1.5.0.jar;D:\work\apache-maven-3.8.1\maven-repo\com\vaadin\external\google\android-json\0.0.20131108.vaadin1\android-json-0.0.20131108.vaadin1.jar;D:\work\apache-maven-3.8.1\maven-repo\org\springframework\spring-test\5.1.6.RELEASE\spring-test-5.1.6.RELEASE.jar;D:\work\apache-maven-3.8.1\maven-repo\org\xmlunit\xmlunit-core\2.6.2\xmlunit-core-2.6.2.jar;D:\work\apache-maven-3.8.1\maven-repo\org\mybatis\spring\boot\mybatis-spring-boot-starter\2.2.0\mybatis-spring-boot-starter-2.2.0.jar;D:\work\apache-maven-3.8.1\maven-repo\org\mybatis\spring\boot\mybatis-spring-boot-autoconfigure\2.2.0\mybatis-spring-boot-autoconfigure-2.2.0.jar;D:\work\apache-maven-3.8.1\maven-repo\org\mybatis\mybatis\3.5.7\mybatis-3.5.7.jar;D:\work\apache-maven-3.8.1\maven-repo\org\mybatis\mybatis-spring\2.0.6\mybatis-spring-2.0.6.jar;D:\work\apache-maven-3.8.1\maven-repo\mysql\mysql-connector-java\8.0.15\mysql-connector-java-8.0.15.jar;D:\work\apache-maven-3.8.1\maven-repo\org\springframework\boot\spring-boot-starter-jdbc\2.1.4.RELEASE\spring-boot-starter-jdbc-2.1.4.RELEASE.jar;D:\work\apache-maven-3.8.1\maven-repo\com\zaxxer\HikariCP\3.2.0\HikariCP-3.2.0.jar;D:\work\apache-maven-3.8.1\maven-repo\org\springframework\spring-jdbc\5.1.6.RELEASE\spring-jdbc-5.1.6.RELEASE.jar;D:\work\apache-maven-3.8.1\maven-repo\org\springframework\spring-beans\5.1.6.RELEASE\spring-beans-5.1.6.RELEASE.jar;D:\work\apache-maven-3.8.1\maven-repo\org\springframework\spring-tx\5.1.6.RELEASE\spring-tx-5.1.6.RELEASE.jar;D:\work\apache-maven-3.8.1\maven-repo\de\roskenet\springboot-javafx-support\2.1.6\springboot-javafx-support-2.1.6.jar;D:\work\apache-maven-3.8.1\maven-repo\org\projectlombok\lombok\1.18.6\lombok-1.18.6.jar;"/>
    <property name="sun.cpu.endian" value="little"/>
    <property name="user.home" value="C:\Users\16091"/>
    <property name="user.language" value="zh"/>
    <property name="java.specification.vendor" value="Oracle Corporation"/>
    <property name="java.home" value="C:\Program Files\Java\jdk1.8.0_291\jre"/>
    <property name="basedir" value="C:\examination"/>
    <property name="file.separator" value="\"/>
    <property name="line.separator" value="&#10;"/>
    <property name="java.vm.specification.vendor" value="Oracle Corporation"/>
    <property name="java.specification.name" value="Java Platform API Specification"/>
    <property name="java.awt.graphicsenv" value="sun.awt.Win32GraphicsEnvironment"/>
    <property name="surefire.real.class.path" value="C:\Users\16091\AppData\Local\Temp\surefire5175588254156454545\surefirebooter1479756366845799369.jar"/>
    <property name="sun.boot.class.path" value="C:\Program Files\Java\jdk1.8.0_291\jre\lib\resources.jar;C:\Program Files\Java\jdk1.8.0_291\jre\lib\rt.jar;C:\Program Files\Java\jdk1.8.0_291\jre\lib\sunrsasign.jar;C:\Program Files\Java\jdk1.8.0_291\jre\lib\jsse.jar;C:\Program Files\Java\jdk1.8.0_291\jre\lib\jce.jar;C:\Program Files\Java\jdk1.8.0_291\jre\lib\charsets.jar;C:\Program Files\Java\jdk1.8.0_291\jre\lib\jfr.jar;C:\Program Files\Java\jdk1.8.0_291\jre\classes"/>
    <property name="user.script" value=""/>
    <property name="sun.management.compiler" value="HotSpot 64-Bit Tiered Compilers"/>
    <property name="java.runtime.version" value="1.8.0_291-b10"/>
    <property name="user.name" value="16091"/>
    <property name="path.separator" value=";"/>
    <property name="os.version" value="10.0"/>
    <property name="java.endorsed.dirs" value="C:\Program Files\Java\jdk1.8.0_291\jre\lib\endorsed"/>
    <property name="java.runtime.name" value="Java(TM) SE Runtime Environment"/>
    <property name="file.encoding" value="GBK"/>
    <property name="java.vm.name" value="Java HotSpot(TM) 64-Bit Server VM"/>
    <property name="localRepository" value="D:\work\apache-maven-3.8.1\maven-repo"/>
    <property name="java.vendor.url.bug" value="http://bugreport.sun.com/bugreport/"/>
    <property name="java.io.tmpdir" value="C:\Users\16091\AppData\Local\Temp\"/>
    <property name="idea.version" value="2020.3.1"/>
    <property name="java.version" value="1.8.0_291"/>
    <property name="user.dir" value="C:\examination"/>
    <property name="os.arch" value="amd64"/>
    <property name="java.vm.specification.name" value="Java Virtual Machine Specification"/>
    <property name="java.awt.printerjob" value="sun.awt.windows.WPrinterJob"/>
    <property name="sun.os.patch.level" value=""/>
    <property name="java.library.path" value="C:\Program Files\Java\jdk1.8.0_291\jre\bin;C:\Windows\Sun\Java\bin;C:\Windows\system32;C:\Windows;D:\Vmware\bin\;C:\Program Files\Common Files\Oracle\Java\javapath;C:\Program Files (x86)\Common Files\Oracle\Java\javapath;C:\Windows\system32;C:\Windows;C:\Windows\System32\Wbem;C:\Windows\System32\WindowsPowerShell\v1.0\;C:\Windows\System32\OpenSSH\;C:\Program Files\Java\jdk1.8.0_291\bin;C:\Program Files\Java\jre1.8.0_291\bin;D:\work\apache-maven-3.8.1\bin;D:\git\Git\cmd;D:\work\MinGW64\bin;D:\Mysql\mysql-8.0.24-winx64\bin;D:\tomcat-9.0.45\bin;D:\work\Nodejs\;D:\work\Nodejs\node_global\node_modules;C:\Users\16091\AppData\Local\Microsoft\WindowsApps;D:\work\Nodejs\node_global;;D:\work\vscode\Microsoft VS Code\bin;."/>
    <property name="java.vm.info" value="mixed mode"/>
    <property name="java.vendor" value="Oracle Corporation"/>
    <property name="java.vm.version" value="25.291-b10"/>
    <property name="java.ext.dirs" value="C:\Program Files\Java\jdk1.8.0_291\jre\lib\ext;C:\Windows\Sun\Java\lib\ext"/>
    <property name="sun.io.unicode.encoding" value="UnicodeLittle"/>
    <property name="maven.repo.local" value="D:\work\apache-maven-3.8.1\maven-repo"/>
    <property name="java.class.version" value="52.0"/>
  </properties>
  <testcase name="contextLoads" classname="com.liu.JavafxBootApplicationTests" time="0.194"/>
</testsuite>